c:\users\truongphat\source\repos\phatwindown\phatwindown\x64\debug\vc143.pdb
c:\users\truongphat\source\repos\phatwindown\phatwindown\x64\debug\vc143.idb
c:\users\truongphat\source\repos\phatwindown\phatwindown\x64\debug\mywindows.obj
c:\users\truongphat\source\repos\phatwindown\phatwindown\x64\debug\consoleapp.obj
c:\users\truongphat\source\repos\phatwindown\phatwindown\x64\debug\mystudent.obj
c:\users\truongphat\source\repos\phatwindown\phatwindown\x64\debug\mystack.obj
c:\users\truongphat\source\repos\phatwindown\phatwindown\x64\debug\color.obj
c:\users\truongphat\source\repos\phatwindown\phatwindown\x64\debug\common.obj
c:\users\truongphat\source\repos\phatwindown\phatwindown\x64\debug\mycore.obj
c:\users\truongphat\source\repos\phatwindown\phatwindown\x64\debug\myunicode.obj
c:\users\truongphat\source\repos\phatwindown\phatwindown\x64\debug\myio.obj
c:\users\truongphat\source\repos\phatwindown\phatwindown\x64\debug\myconfig.obj
c:\users\truongphat\source\repos\phatwindown\phatwindown\x64\debug\phatwindown.ilk
c:\users\truongphat\source\repos\phatwindown\x64\debug\phatwindown.exe
c:\users\truongphat\source\repos\phatwindown\x64\debug\phatwindown.pdb
c:\users\truongphat\source\repos\phatwindown\phatwindown\x64\debug\mycore.obj.enc
c:\users\truongphat\source\repos\phatwindown\phatwindown\x64\debug\mystudent.obj.enc
c:\users\truongphat\source\repos\phatwindown\phatwindown\x64\debug\phatwindown.tlog\cl.command.1.tlog
c:\users\truongphat\source\repos\phatwindown\phatwindown\x64\debug\phatwindown.tlog\cl.read.1.tlog
c:\users\truongphat\source\repos\phatwindown\phatwindown\x64\debug\phatwindown.tlog\cl.write.1.tlog
c:\users\truongphat\source\repos\phatwindown\phatwindown\x64\debug\phatwindown.tlog\link.command.1.tlog
c:\users\truongphat\source\repos\phatwindown\phatwindown\x64\debug\phatwindown.tlog\link.read.1.tlog
c:\users\truongphat\source\repos\phatwindown\phatwindown\x64\debug\phatwindown.tlog\link.write.1.tlog
